<?xml version="1.0" encoding="UTF-8"?>
<testng-results skipped="0" failed="0" total="1" passed="1">
  <reporter-output>
  </reporter-output>
  <suite name="Default suite" duration-ms="31677" started-at="2018-08-03T18:13:11Z" finished-at="2018-08-03T18:13:43Z">
    <groups>
    </groups>
    <test name="Default test" duration-ms="31677" started-at="2018-08-03T18:13:11Z" finished-at="2018-08-03T18:13:43Z">
      <class name="Tempp.TempJavatPoint">
        <test-method status="PASS" signature="ruN()[pri:0, instance:Tempp.TempJavatPoint@2b98378d]" name="ruN" duration-ms="31662" started-at="2018-08-03T23:43:11Z" finished-at="2018-08-03T23:43:43Z">
          <reporter-output>
          </reporter-output>
        </test-method> <!-- ruN -->
      </class> <!-- Tempp.TempJavatPoint -->
    </test> <!-- Default test -->
  </suite> <!-- Default suite -->
</testng-results>
