<?xml version="1.0" encoding="UTF-8"?>
<!-- Generated by org.testng.reporters.JUnitXMLReporter -->
<testsuite hostname="PARVEZ" name="Free CRM App Test Cases" tests="12" failures="0" timestamp="11 Jul 2018 18:01:02 GMT" time="331.294" errors="0">
  <testcase name="loginPageTitle" time="0.044" classname="com.crm.qa.testcases.LoginPageTest"/>
  <testcase name="validateCRMImage" time="0.062" classname="com.crm.qa.testcases.LoginPageTest"/>
  <testcase name="loginTest" time="9.558" classname="com.crm.qa.testcases.LoginPageTest"/>
  <testcase name="verifyHomePageTitleTest" time="0.013" classname="com.crm.qa.testcases.HomePageTest"/>
  <testcase name="verifyUserNameTest" time="0.093" classname="com.crm.qa.testcases.HomePageTest"/>
  <testcase name="verifyContactsLinkTest" time="1.61" classname="com.crm.qa.testcases.HomePageTest"/>
  <testcase name="verifyContactPageLabel" time="0.04" classname="com.crm.qa.testcases.ContactPageTest"/>
  <testcase name="selectSingleContactByName" time="0.116" classname="com.crm.qa.testcases.ContactPageTest"/>
  <testcase name="selectMultipleContactByName" time="0.308" classname="com.crm.qa.testcases.ContactPageTest"/>
  <testcase name="validateCreateNewContact" time="11.675" classname="com.crm.qa.testcases.ContactPageTest"/>
  <testcase name="validateCreateNewContact" time="12.873" classname="com.crm.qa.testcases.ContactPageTest"/>
  <testcase name="validateCreateNewContact" time="12.843" classname="com.crm.qa.testcases.ContactPageTest"/>
</testsuite> <!-- Free CRM App Test Cases -->
